Updated file D:\Uiautomation\Demo1\build.xml
Buildfile: D:\Uiautomation\Demo1\build.xml

-check-env:
 [checkenv] Android SDK Tools Revision 24.4.1
 [checkenv] Installed at D:\android-sdk\sdk

-build-setup:
[getbuildtools] Using latest Build Tools: 23.0.1
     [echo] Resolving Build Target for DemoTest...
[getuitarget] Project Target:   Android 4.3.1
[getuitarget] API level:        18
     [echo] ----------
     [echo] Creating output directories if needed...

-pre-compile:

compile:
    [javac] Compiling 2 source files to D:\Uiautomation\Demo1\bin\classes
    [javac] 警告: [options] 源值1.5已过时, 将在未来所有发行版中删除
    [javac] 警告: [options] 目标值1.5已过时, 将在未来所有发行版中删除
    [javac] 警告: [options] 要隐藏有关已过时选项的警告, 请使用 -Xlint:-options。
    [javac] 3 个警告

-post-compile:

-dex:
      [dex] input: D:\Uiautomation\Demo1\bin\classes
      [dex] Found Deleted Target File
      [dex] Converting compiled files and external libraries into D:\Uiautomation\Demo1\bin\classes.dex...

-post-dex:

-jar:
      [jar] Building jar: D:\Uiautomation\Demo1\bin\DemoTest.jar

-post-jar:

build:

BUILD SUCCESSFUL
Total time: 2 seconds
65 KB/s (4432 bytes in 0.066s)
INSTRUMENTATION_STATUS: current=1

INSTRUMENTATION_STATUS: id=UiAutomatorTestRunner

INSTRUMENTATION_STATUS: class=com.uiautomatortest.Test

INSTRUMENTATION_STATUS: stream=

com.uiautomatortest.Test:

INSTRUMENTATION_STATUS: numtests=1

INSTRUMENTATION_STATUS: test=testRecent

INSTRUMENTATION_STATUS_CODE: 1

INSTRUMENTATION_STATUS: current=1

INSTRUMENTATION_STATUS: id=UiAutomatorTestRunner

INSTRUMENTATION_STATUS: class=com.uiautomatortest.Test

INSTRUMENTATION_STATUS: stream=.

INSTRUMENTATION_STATUS: numtests=1

INSTRUMENTATION_STATUS: test=testRecent

INSTRUMENTATION_STATUS_CODE: 0

INSTRUMENTATION_STATUS: stream=

Test results for WatcherResultPrinter=.

Time: 0.516



OK (1 test)





INSTRUMENTATION_STATUS_CODE: -1

Updated file D:\Uiautomation\Demo1\build.xml
Buildfile: D:\Uiautomation\Demo1\build.xml

-check-env:
 [checkenv] Android SDK Tools Revision 24.4.1
 [checkenv] Installed at D:\android-sdk\sdk

-build-setup:
[getbuildtools] Using latest Build Tools: 23.0.1
     [echo] Resolving Build Target for DemoTest...
[getuitarget] Project Target:   Android 4.3.1
[getuitarget] API level:        18
     [echo] ----------
     [echo] Creating output directories if needed...

-pre-compile:

compile:

-post-compile:

-dex:
      [dex] input: D:\Uiautomation\Demo1\bin\classes
      [dex] Found Deleted Target File
      [dex] Converting compiled files and external libraries into D:\Uiautomation\Demo1\bin\classes.dex...

-post-dex:

-jar:
      [jar] Building jar: D:\Uiautomation\Demo1\bin\DemoTest.jar

-post-jar:

build:

BUILD SUCCESSFUL
Total time: 1 second
51 KB/s (4432 bytes in 0.084s)
INSTRUMENTATION_STATUS: current=1

INSTRUMENTATION_STATUS: id=UiAutomatorTestRunner

INSTRUMENTATION_STATUS: class=com.uiautomatortest.Test

INSTRUMENTATION_STATUS: stream=

com.uiautomatortest.Test:

INSTRUMENTATION_STATUS: numtests=1

INSTRUMENTATION_STATUS: test=testRecent

INSTRUMENTATION_STATUS_CODE: 1

INSTRUMENTATION_STATUS: current=1

INSTRUMENTATION_STATUS: id=UiAutomatorTestRunner

INSTRUMENTATION_STATUS: class=com.uiautomatortest.Test

INSTRUMENTATION_STATUS: stream=.

INSTRUMENTATION_STATUS: numtests=1

INSTRUMENTATION_STATUS: test=testRecent

INSTRUMENTATION_STATUS_CODE: 0

INSTRUMENTATION_STATUS: stream=

Test results for WatcherResultPrinter=.

Time: 0.509



OK (1 test)





INSTRUMENTATION_STATUS_CODE: -1

Updated file D:\Uiautomation\Demo1\build.xml
Buildfile: D:\Uiautomation\Demo1\build.xml

-check-env:
 [checkenv] Android SDK Tools Revision 24.4.1
 [checkenv] Installed at D:\android-sdk\sdk

-build-setup:
[getbuildtools] Using latest Build Tools: 23.0.1
     [echo] Resolving Build Target for DemoTest...
[getuitarget] Project Target:   Android 4.3.1
[getuitarget] API level:        18
     [echo] ----------
     [echo] Creating output directories if needed...

-pre-compile:

compile:

-post-compile:

-dex:
      [dex] input: D:\Uiautomation\Demo1\bin\classes
      [dex] Found Deleted Target File
      [dex] Converting compiled files and external libraries into D:\Uiautomation\Demo1\bin\classes.dex...

-post-dex:

-jar:
      [jar] Building jar: D:\Uiautomation\Demo1\bin\DemoTest.jar

-post-jar:

build:

BUILD SUCCESSFUL
Total time: 2 seconds
54 KB/s (4432 bytes in 0.079s)
INSTRUMENTATION_STATUS: current=1

INSTRUMENTATION_STATUS: id=UiAutomatorTestRunner

INSTRUMENTATION_STATUS: class=com.uiautomatortest.Test

INSTRUMENTATION_STATUS: stream=

com.uiautomatortest.Test:

INSTRUMENTATION_STATUS: numtests=1

INSTRUMENTATION_STATUS: test=testRecent

INSTRUMENTATION_STATUS_CODE: 1

INSTRUMENTATION_STATUS: current=1

INSTRUMENTATION_STATUS: id=UiAutomatorTestRunner

INSTRUMENTATION_STATUS: class=com.uiautomatortest.Test

INSTRUMENTATION_STATUS: stream=.

INSTRUMENTATION_STATUS: numtests=1

INSTRUMENTATION_STATUS: test=testRecent

INSTRUMENTATION_STATUS_CODE: 0

INSTRUMENTATION_STATUS: stream=

Test results for WatcherResultPrinter=.

Time: 0.501



OK (1 test)





INSTRUMENTATION_STATUS_CODE: -1

